
https://github.com/lh185009/upgtools4gcc

1.Change the local directory and make this directory for Git Hub.
$ cd "/c/Users/lh185009/Documents/upgtools4gcc"
$ git init     (initialize this directory for Git Hub)    
$ git remote add origin https://github.com/lh185009/upgtools4gcc.git    (let Git know which GitHub repository to be used)


2.How to push the new versions of scripts to GitHub ?
$ git add .
$ git commit -m "explain the updates and changes in the new version"
$ git push  (adm "-u" in the first time)

if 「Add a README」 was selected in the creation of repository or any other time.
$ git pull --rebase origin main        (pull the README.md from the repository)
$ git branch -M main


3.How to clone or download the files and directories from repository in GitHub ?
If clone was done before:
$ git pull
If not:
$ git clone https://github.com/lh185009/upgtools4gcc

4.
See How Many Versions (Commits) Exist
$ git log --oneline

$ git ls-tree -r --name-only HEAD | awk '
{
  split($0, parts, "/");
  path = "";
  for (i = 1; i <= length(parts); i++) {
    path = (i == 1) ? parts[i] : path "/" parts[i];
    if (!seen[path]) {
      indent = "";
      for (j = 1; j < i; j++) indent = indent "│   ";
      prefix = (i == length(parts)) ? "├── " : "";
      print indent prefix parts[i];
      seen[path] = 1;
    }
  }
}'
├── .gitignore
├── CHG0239574_12111200.out
├── README.md
├── estimator.txt
readme
│   ├── cksum of upgtool4gcc 20250912.txt
│   ├── readme_upgtool4gcc.txt
scripts
│   ├── function4MHMchk
│   ├── function4prepcheck
├── tips4github.out


$ git ls-files
.gitignore
CHG0239574_12111200.out
README.md
estimator.txt
readme/cksum of upgtool4gcc 20250912.txt
readme/readme_upgtool4gcc.txt
scripts/function4MHMchk
scripts/function4prepcheck
tips4github.out

$ git log --oneline
96ae325 (HEAD -> main) Add readme/ and scripts/ folders with contents
b7972a1 (origin/main) Move the scripts to the scripts directory,add readme and cksum files into readme directory
256e7b2 Update version in prepcheck script , add units for actual total time and TD/Hour for actual throughput
05a499d upload the initial version of scripts
663a2a2 Initial commit

$ git diff 256e7b2 05a499d -- function4MHMchk
$ git show 05a499d:./function4MHMchk > ./scripts/function4MHMchk-old
$ diff -w ./scripts/function4MHMchk ./scripts/function4MHMchk-old