(Version of script 20251211)
CR#                   :   CHG0239666           
Siteid                :   TDTSA01              
DB_ver                :   17.20.03.27           
Act_Total             :   25.75      Hours     
Avg_Throughput_Uncomp :   34.35      TB/Hour   
Avg_throughput_comp   :   7.93       TB/Hour   
Platform_type         :   IFX_2.1              
Node#_cur             :   24         Nodes     
AMP#_cur              :   576        AMPs      
Node#_new             :   32         Nodes     
AMP#_new              :   768        AMPs      
Est_redisct           :   6.54       Hours     
Est_del               :   20.25      Hours     
Est_Total             :   26.79      Hours     
Uncompressed_Size     :   884.751    TB        
DB_Size               :   204.20     TB        
Compression_Ratio     :   4.33                 
Empty_tbl#            :   96143                
TB_tbl#               :   152                  
GB_tbl#               :   11462                
MB_tbl#               :   91818                
Total_tbls            :   199575               
